<?xml version="1.0" encoding="UTF-8"?>
<!-- Generated by org.testng.reporters.JUnitXMLReporter -->
<testsuite ignored="1" hostname="Kunal" failures="0" tests="1" name="Default test" time="6.01" errors="0" timestamp="2025-03-04T07:48:23 IST">
  <testcase classname="test.CartTest" name="clickSingleProductAddToCartAndVerifyInCart" time="2.683"/>
  <testcase classname="test.CartTest" name="clickMultipleProductAddToCartAndVerifyInCart" time="0.0">
    <ignored/>
  </testcase> <!-- clickMultipleProductAddToCartAndVerifyInCart -->
</testsuite> <!-- Default test -->
