<?xml version="1.0" encoding="UTF-8"?>
<!-- Generated by org.testng.reporters.JUnitXMLReporter -->
<testsuite ignored="0" hostname="Kunal" failures="0" tests="7" name="Default test" time="87.245" errors="0" timestamp="2025-03-06T16:42:52 IST">
  <testcase classname="test.CartTest" name="clickMultipleProductAddToCartAndVerifyInCart" time="4.31"/>
  <testcase classname="test.CartTest" name="clickSingleProductAddToCartAndVerifyInCart" time="3.737"/>
  <testcase classname="test.CartTest" name="verifyCalculationCartAmountAndGiftVoucher" time="2.644"/>
  <testcase classname="test.CartTest" name="verifyCalculationOfOrderAmountAfterIncreasingQuantity" time="7.206"/>
  <testcase classname="test.CartTest" name="verifyCalculationOfUnitPriceAndShippingPriceToOrderAmount" time="2.473"/>
  <testcase classname="test.CartTest" name="verifyRemoveFromCart" time="3.283"/>
  <testcase classname="test.CartTest" name="verifyTotalOrdersAmountToCartAmount" time="3.425"/>
</testsuite> <!-- Default test -->
