<?xml version="1.0" encoding="UTF-8"?>
<!-- Generated by org.testng.reporters.JUnitXMLReporter -->
<testsuite ignored="0" hostname="Kunal" failures="0" tests="14" name="Test" time="114.353" errors="0" timestamp="2025-03-07T08:04:51 IST">
  <testcase classname="test.CartTest" name="clickMultipleProductAddToCartAndVerifyInCart" time="5.868"/>
  <testcase classname="test.CartTest" name="clickSingleProductAddToCartAndVerifyInCart" time="3.032"/>
  <testcase classname="test.CartTest" name="verifyCalculationCartAmountAndGiftVoucher" time="3.098"/>
  <testcase classname="test.CartTest" name="verifyCalculationOfOrderAmountAfterIncreasingQuantity" time="8.525"/>
  <testcase classname="test.CartTest" name="verifyCalculationOfUnitPriceAndShippingPriceToOrderAmount" time="2.9"/>
  <testcase classname="test.CartTest" name="verifyRemoveFromCart" time="3.508"/>
  <testcase classname="test.CartTest" name="verifyTotalOrdersAmountToCartAmount" time="5.02"/>
  <testcase classname="test.HomeTest" name="verifyAfterClickCartBtnCartVisibleOrNot" time="0.254"/>
  <testcase classname="test.HomeTest" name="verifyInvalidSearchProductToProductInformation" time="1.464"/>
  <testcase classname="test.HomeTest" name="verifyProductDetailsInQuickView" time="2.218"/>
  <testcase classname="test.HomeTest" name="verifyProductsIsVisibleInShoppingCategories" time="0.226"/>
  <testcase classname="test.HomeTest" name="verifySearchProductToProductInformation" time="1.225"/>
  <testcase classname="test.ProductDetailsTest" name="verifyClickHereToBuyProductFromProductDetailsPageAndCartVisible" time="3.243"/>
  <testcase classname="test.ProductDetailsTest" name="verifyClickableProductFromHomePageToProductDetailsPage" time="5.423"/>
</testsuite> <!-- Test -->
