<?xml version="1.0" encoding="UTF-8"?>
<!-- Generated by org.testng.reporters.JUnitXMLReporter -->
<testsuite ignored="0" hostname="Kunal" failures="0" tests="6" name="Test" time="31.177" errors="0" timestamp="2025-03-03T16:11:23 IST">
  <testcase classname="test.HomeTest" name="verifyAfterClickCartBtnCartVisibleOrNot" time="0.305"/>
  <testcase classname="test.HomeTest" name="verifyInvalidSearchProductToProductInformation" time="0.955"/>
  <testcase classname="test.HomeTest" name="verifyProductDetailsInQuickView" time="2.034"/>
  <testcase classname="test.HomeTest" name="verifyProductsIsVisibleInShoppingCategories" time="0.388"/>
  <testcase classname="test.HomeTest" name="verifySearchProductToProductInformation" time="1.141"/>
  <testcase classname="test.ProductDetailsTest" name="verifyClickableProductFromHomePageToProductDetailsPage" time="2.028"/>
</testsuite> <!-- Test -->
