<?xml version="1.0" encoding="UTF-8"?>
<testng-results ignored="6" total="7" passed="1" failed="0" skipped="0">
  <reporter-output>
  </reporter-output>
  <suite started-at="2025-03-07T08:21:56 IST" name="Default suite" finished-at="2025-03-07T08:22:02 IST" duration-ms="6111">
    <groups>
    </groups>
    <test started-at="2025-03-07T08:21:56 IST" name="Default test" finished-at="2025-03-07T08:22:02 IST" duration-ms="6111">
      <class name="test.HomeTest">
        <test-method is-config="true" signature="launchBrowser()[pri:0, instance:test.HomeTest@4c178a76]" started-at="2025-03-07T08:21:56 IST" name="launchBrowser" finished-at="2025-03-07T08:22:01 IST" duration-ms="4392" status="PASS">
          <reporter-output>
          </reporter-output>
        </test-method> <!-- launchBrowser -->
        <test-method signature="verifyVendorButtonWorkingOrNot()[pri:0, instance:test.HomeTest@4c178a76]" started-at="2025-03-07T08:22:01 IST" name="verifyVendorButtonWorkingOrNot" finished-at="2025-03-07T08:22:02 IST" duration-ms="1125" status="PASS">
          <reporter-output>
          </reporter-output>
        </test-method> <!-- verifyVendorButtonWorkingOrNot -->
        <test-method is-config="true" signature="exitBrowser()[pri:0, instance:test.HomeTest@4c178a76]" started-at="2025-03-07T08:22:02 IST" name="exitBrowser" finished-at="2025-03-07T08:22:02 IST" duration-ms="234" status="PASS">
          <reporter-output>
          </reporter-output>
        </test-method> <!-- exitBrowser -->
      </class> <!-- test.HomeTest -->
    </test> <!-- Default test -->
  </suite> <!-- Default suite -->
</testng-results>
